<?xml version="1.0" encoding="UTF-8"?>
<Site BuildName="(empty)"
	BuildStamp="20251025-1013-Experimental"
	Name="star-Latitude-7480"
	Generator="ctest-3.22.1"
	CompilerName="/usr/bin/g++"
	CompilerVersion="11.4.0"
	OSName="Linux"
	Hostname="star-Latitude-7480"
	OSRelease="6.8.0-83-generic"
	OSVersion="#83~22.04.1-Ubuntu SMP PREEMPT_DYNAMIC Tue Sep  9 18:19:47 UTC 2"
	OSPlatform="x86_64"
	Is64Bits="1"
	VendorString="GenuineIntel"
	VendorID="Intel Corporation"
	FamilyID="6"
	ModelID="78"
	ProcessorCacheSize="4096"
	NumberOfLogicalCPU="4"
	NumberOfPhysicalCPU="2"
	TotalVirtualMemory="0"
	TotalPhysicalMemory="15868"
	LogicalProcessorsPerPhysical="2"
	ProcessorClockFrequency="2799.98"
	>
	<Testing>
		<StartDateTime>Oct 25 19:11 WAT</StartDateTime>
		<StartTestTime>1761415909</StartTestTime>
		<TestList/>
		<EndDateTime>Oct 25 19:11 WAT</EndDateTime>
		<EndTestTime>1761415909</EndTestTime>
		<ElapsedMinutes>0</ElapsedMinutes>
	</Testing>
</Site>
