<?xml version="1.0" encoding="UTF-8"?>
<Site BuildName="(empty)"
	BuildStamp="20251030-0253-Experimental"
	Name="star-Latitude-7480"
	Generator="ctest-3.22.1"
	CompilerName="/usr/bin/g++"
	CompilerVersion="11.4.0"
	OSName="Linux"
	Hostname="star-Latitude-7480"
	OSRelease="6.8.0-85-generic"
	OSVersion="#85~22.04.1-Ubuntu SMP PREEMPT_DYNAMIC Fri Sep 19 16:18:59 UTC 2"
	OSPlatform="x86_64"
	Is64Bits="1"
	VendorString="GenuineIntel"
	VendorID="Intel Corporation"
	FamilyID="6"
	ModelID="78"
	ProcessorCacheSize="4096"
	NumberOfLogicalCPU="4"
	NumberOfPhysicalCPU="2"
	TotalVirtualMemory="0"
	TotalPhysicalMemory="15868"
	LogicalProcessorsPerPhysical="2"
	ProcessorClockFrequency="2799.97"
	>
	<Testing>
		<StartDateTime>Oct 30 18:55 WAT</StartDateTime>
		<StartTestTime>1761846958</StartTestTime>
		<TestList/>
		<EndDateTime>Oct 30 18:55 WAT</EndDateTime>
		<EndTestTime>1761846958</EndTestTime>
		<ElapsedMinutes>0</ElapsedMinutes>
	</Testing>
</Site>
